<?xml version="1.0" encoding="UTF-8"?>
<testng-results skipped="0" failed="3" ignored="0" total="9" passed="6">
  <reporter-output>
  </reporter-output>
  <suite name="Ebay Test" duration-ms="164700" started-at="2021-09-18T16:11:24 IST" finished-at="2021-09-18T16:14:08 IST">
    <groups>
    </groups>
    <test name="Ebay Test cases" duration-ms="164700" started-at="2021-09-18T16:11:24 IST" finished-at="2021-09-18T16:14:08 IST">
      <class name="com.ebay.qa.testcases.LoginPageTest">
        <test-method status="PASS" signature="setup()[pri:0, instance:com.ebay.qa.testcases.LoginPageTest@3ecd23d9]" name="setup" is-config="true" duration-ms="9627" started-at="2021-09-18T16:11:24 IST" finished-at="2021-09-18T16:11:33 IST">
          <reporter-output>
          </reporter-output>
        </test-method> <!-- setup -->
        <test-method status="PASS" signature="titleTest()[pri:1, instance:com.ebay.qa.testcases.LoginPageTest@3ecd23d9]" name="titleTest" duration-ms="94" started-at="2021-09-18T16:11:33 IST" finished-at="2021-09-18T16:11:34 IST">
          <reporter-output>
          </reporter-output>
        </test-method> <!-- titleTest -->
        <test-method status="PASS" signature="teardown()[pri:0, instance:com.ebay.qa.testcases.LoginPageTest@3ecd23d9]" name="teardown" is-config="true" duration-ms="1232" started-at="2021-09-18T16:11:34 IST" finished-at="2021-09-18T16:11:35 IST">
          <reporter-output>
          </reporter-output>
        </test-method> <!-- teardown -->
        <test-method status="PASS" signature="setup()[pri:0, instance:com.ebay.qa.testcases.LoginPageTest@3ecd23d9]" name="setup" is-config="true" duration-ms="6014" started-at="2021-09-18T16:11:35 IST" finished-at="2021-09-18T16:11:41 IST">
          <reporter-output>
          </reporter-output>
        </test-method> <!-- setup -->
        <test-method status="PASS" signature="logoTest()[pri:2, instance:com.ebay.qa.testcases.LoginPageTest@3ecd23d9]" name="logoTest" duration-ms="361" started-at="2021-09-18T16:11:41 IST" finished-at="2021-09-18T16:11:41 IST">
          <reporter-output>
          </reporter-output>
        </test-method> <!-- logoTest -->
        <test-method status="PASS" signature="teardown()[pri:0, instance:com.ebay.qa.testcases.LoginPageTest@3ecd23d9]" name="teardown" is-config="true" duration-ms="1224" started-at="2021-09-18T16:11:41 IST" finished-at="2021-09-18T16:11:42 IST">
          <reporter-output>
          </reporter-output>
        </test-method> <!-- teardown -->
        <test-method status="PASS" signature="setup()[pri:0, instance:com.ebay.qa.testcases.LoginPageTest@3ecd23d9]" name="setup" is-config="true" duration-ms="8800" started-at="2021-09-18T16:11:42 IST" finished-at="2021-09-18T16:11:51 IST">
          <reporter-output>
          </reporter-output>
        </test-method> <!-- setup -->
        <test-method status="PASS" signature="loginpageTest()[pri:3, instance:com.ebay.qa.testcases.LoginPageTest@3ecd23d9]" name="loginpageTest" duration-ms="7248" started-at="2021-09-18T16:11:51 IST" finished-at="2021-09-18T16:11:58 IST">
          <reporter-output>
          </reporter-output>
        </test-method> <!-- loginpageTest -->
        <test-method status="PASS" signature="teardown()[pri:0, instance:com.ebay.qa.testcases.LoginPageTest@3ecd23d9]" name="teardown" is-config="true" duration-ms="1459" started-at="2021-09-18T16:11:58 IST" finished-at="2021-09-18T16:12:00 IST">
          <reporter-output>
          </reporter-output>
        </test-method> <!-- teardown -->
      </class> <!-- com.ebay.qa.testcases.LoginPageTest -->
      <class name="com.ebay.qa.testcases.HomePageTest">
        <test-method status="PASS" signature="setup()[pri:0, instance:com.ebay.qa.testcases.HomePageTest@43a0cee9]" name="setup" is-config="true" duration-ms="24997" started-at="2021-09-18T16:12:00 IST" finished-at="2021-09-18T16:12:25 IST">
          <reporter-output>
          </reporter-output>
        </test-method> <!-- setup -->
        <test-method status="FAIL" signature="verifyhomepagetitletest()[pri:1, instance:com.ebay.qa.testcases.HomePageTest@43a0cee9]" name="verifyhomepagetitletest" duration-ms="3411" started-at="2021-09-18T16:12:25 IST" finished-at="2021-09-18T16:12:28 IST">
          <exception class="java.lang.AssertionError">
            <message>
              <![CDATA[expected [Security Measure] but found [Electronics, Cars, Fashion, Collectibles & More | eBay]]]>
            </message>
            <full-stacktrace>
              <![CDATA[java.lang.AssertionError: expected [Security Measure] but found [Electronics, Cars, Fashion, Collectibles & More | eBay]
at org.testng.Assert.fail(Assert.java:99)
at org.testng.Assert.failNotEquals(Assert.java:1037)
at org.testng.Assert.assertEqualsImpl(Assert.java:140)
at org.testng.Assert.assertEquals(Assert.java:122)
at org.testng.Assert.assertEquals(Assert.java:629)
at org.testng.Assert.assertEquals(Assert.java:639)
at com.ebay.qa.testcases.HomePageTest.verifyhomepagetitletest(HomePageTest.java:38)
at sun.reflect.NativeMethodAccessorImpl.invoke0(Native Method)
at sun.reflect.NativeMethodAccessorImpl.invoke(Unknown Source)
at sun.reflect.DelegatingMethodAccessorImpl.invoke(Unknown Source)
at java.lang.reflect.Method.invoke(Unknown Source)
at org.testng.internal.MethodInvocationHelper.invokeMethod(MethodInvocationHelper.java:133)
at org.testng.internal.TestInvoker.invokeMethod(TestInvoker.java:598)
at org.testng.internal.TestInvoker.invokeTestMethod(TestInvoker.java:173)
at org.testng.internal.MethodRunner.runInSequence(MethodRunner.java:46)
at org.testng.internal.TestInvoker$MethodInvocationAgent.invoke(TestInvoker.java:824)
at org.testng.internal.TestInvoker.invokeTestMethods(TestInvoker.java:146)
at org.testng.internal.TestMethodWorker.invokeTestMethods(TestMethodWorker.java:146)
at org.testng.internal.TestMethodWorker.run(TestMethodWorker.java:128)
at java.util.ArrayList.forEach(Unknown Source)
at org.testng.TestRunner.privateRun(TestRunner.java:794)
at org.testng.TestRunner.run(TestRunner.java:596)
at org.testng.SuiteRunner.runTest(SuiteRunner.java:377)
at org.testng.SuiteRunner.runSequentially(SuiteRunner.java:371)
at org.testng.SuiteRunner.privateRun(SuiteRunner.java:332)
at org.testng.SuiteRunner.run(SuiteRunner.java:276)
at org.testng.SuiteRunnerWorker.runSuite(SuiteRunnerWorker.java:53)
at org.testng.SuiteRunnerWorker.run(SuiteRunnerWorker.java:96)
at org.testng.TestNG.runSuitesSequentially(TestNG.java:1212)
at org.testng.TestNG.runSuitesLocally(TestNG.java:1134)
at org.testng.TestNG.runSuites(TestNG.java:1063)
at org.testng.TestNG.run(TestNG.java:1031)
at org.testng.remote.AbstractRemoteTestNG.run(AbstractRemoteTestNG.java:115)
at org.testng.remote.RemoteTestNG.initAndRun(RemoteTestNG.java:251)
at org.testng.remote.RemoteTestNG.main(RemoteTestNG.java:77)
]]>
            </full-stacktrace>
          </exception> <!-- java.lang.AssertionError -->
          <reporter-output>
          </reporter-output>
        </test-method> <!-- verifyhomepagetitletest -->
        <test-method status="PASS" signature="teardown()[pri:0, instance:com.ebay.qa.testcases.HomePageTest@43a0cee9]" name="teardown" is-config="true" duration-ms="1529" started-at="2021-09-18T16:12:28 IST" finished-at="2021-09-18T16:12:30 IST">
          <reporter-output>
          </reporter-output>
        </test-method> <!-- teardown -->
        <test-method status="PASS" signature="setup()[pri:0, instance:com.ebay.qa.testcases.HomePageTest@43a0cee9]" name="setup" is-config="true" duration-ms="12553" started-at="2021-09-18T16:12:30 IST" finished-at="2021-09-18T16:12:42 IST">
          <reporter-output>
          </reporter-output>
        </test-method> <!-- setup -->
        <test-method status="FAIL" signature="verifyclickonsportstest()[pri:2, instance:com.ebay.qa.testcases.HomePageTest@43a0cee9]" name="verifyclickonsportstest" duration-ms="26391" started-at="2021-09-18T16:12:42 IST" finished-at="2021-09-18T16:13:09 IST">
          <exception class="java.lang.NullPointerException">
            <full-stacktrace>
              <![CDATA[java.lang.NullPointerException
at com.ebay.qa.pages.SportsPage.verifysportlabel(SportsPage.java:13)
at com.ebay.qa.testcases.HomePageTest.verifyclickonsportstest(HomePageTest.java:44)
at sun.reflect.NativeMethodAccessorImpl.invoke0(Native Method)
at sun.reflect.NativeMethodAccessorImpl.invoke(Unknown Source)
at sun.reflect.DelegatingMethodAccessorImpl.invoke(Unknown Source)
at java.lang.reflect.Method.invoke(Unknown Source)
at org.testng.internal.MethodInvocationHelper.invokeMethod(MethodInvocationHelper.java:133)
at org.testng.internal.TestInvoker.invokeMethod(TestInvoker.java:598)
at org.testng.internal.TestInvoker.invokeTestMethod(TestInvoker.java:173)
at org.testng.internal.MethodRunner.runInSequence(MethodRunner.java:46)
at org.testng.internal.TestInvoker$MethodInvocationAgent.invoke(TestInvoker.java:824)
at org.testng.internal.TestInvoker.invokeTestMethods(TestInvoker.java:146)
at org.testng.internal.TestMethodWorker.invokeTestMethods(TestMethodWorker.java:146)
at org.testng.internal.TestMethodWorker.run(TestMethodWorker.java:128)
at java.util.ArrayList.forEach(Unknown Source)
at org.testng.TestRunner.privateRun(TestRunner.java:794)
at org.testng.TestRunner.run(TestRunner.java:596)
at org.testng.SuiteRunner.runTest(SuiteRunner.java:377)
at org.testng.SuiteRunner.runSequentially(SuiteRunner.java:371)
at org.testng.SuiteRunner.privateRun(SuiteRunner.java:332)
at org.testng.SuiteRunner.run(SuiteRunner.java:276)
at org.testng.SuiteRunnerWorker.runSuite(SuiteRunnerWorker.java:53)
at org.testng.SuiteRunnerWorker.run(SuiteRunnerWorker.java:96)
at org.testng.TestNG.runSuitesSequentially(TestNG.java:1212)
at org.testng.TestNG.runSuitesLocally(TestNG.java:1134)
at org.testng.TestNG.runSuites(TestNG.java:1063)
at org.testng.TestNG.run(TestNG.java:1031)
at org.testng.remote.AbstractRemoteTestNG.run(AbstractRemoteTestNG.java:115)
at org.testng.remote.RemoteTestNG.initAndRun(RemoteTestNG.java:251)
at org.testng.remote.RemoteTestNG.main(RemoteTestNG.java:77)
]]>
            </full-stacktrace>
          </exception> <!-- java.lang.NullPointerException -->
          <reporter-output>
          </reporter-output>
        </test-method> <!-- verifyclickonsportstest -->
        <test-method status="PASS" signature="teardown()[pri:0, instance:com.ebay.qa.testcases.HomePageTest@43a0cee9]" name="teardown" is-config="true" duration-ms="1619" started-at="2021-09-18T16:13:09 IST" finished-at="2021-09-18T16:13:10 IST">
          <reporter-output>
          </reporter-output>
        </test-method> <!-- teardown -->
      </class> <!-- com.ebay.qa.testcases.HomePageTest -->
      <class name="com.ebay.qa.testcases.HelpandContactTest">
        <test-method status="PASS" signature="setup()[pri:0, instance:com.ebay.qa.testcases.HelpandContactTest@2eda0940]" name="setup" is-config="true" duration-ms="6061" started-at="2021-09-18T16:13:10 IST" finished-at="2021-09-18T16:13:17 IST">
          <reporter-output>
          </reporter-output>
        </test-method> <!-- setup -->
        <test-method status="PASS" signature="verifyclickonHelp()[pri:1, instance:com.ebay.qa.testcases.HelpandContactTest@2eda0940]" name="verifyclickonHelp" duration-ms="3762" started-at="2021-09-18T16:13:17 IST" finished-at="2021-09-18T16:13:20 IST">
          <reporter-output>
          </reporter-output>
        </test-method> <!-- verifyclickonHelp -->
        <test-method status="PASS" signature="teardown()[pri:0, instance:com.ebay.qa.testcases.HelpandContactTest@2eda0940]" name="teardown" is-config="true" duration-ms="1340" started-at="2021-09-18T16:13:20 IST" finished-at="2021-09-18T16:13:22 IST">
          <reporter-output>
          </reporter-output>
        </test-method> <!-- teardown -->
        <test-method status="PASS" signature="setup()[pri:0, instance:com.ebay.qa.testcases.HelpandContactTest@2eda0940]" name="setup" is-config="true" duration-ms="5985" started-at="2021-09-18T16:13:22 IST" finished-at="2021-09-18T16:13:28 IST">
          <reporter-output>
          </reporter-output>
        </test-method> <!-- setup -->
        <test-method status="PASS" signature="verifyclickonbuyingtest()[pri:2, instance:com.ebay.qa.testcases.HelpandContactTest@2eda0940]" name="verifyclickonbuyingtest" duration-ms="6560" started-at="2021-09-18T16:13:28 IST" finished-at="2021-09-18T16:13:34 IST">
          <reporter-output>
          </reporter-output>
        </test-method> <!-- verifyclickonbuyingtest -->
        <test-method status="PASS" signature="teardown()[pri:0, instance:com.ebay.qa.testcases.HelpandContactTest@2eda0940]" name="teardown" is-config="true" duration-ms="1326" started-at="2021-09-18T16:13:34 IST" finished-at="2021-09-18T16:13:36 IST">
          <reporter-output>
          </reporter-output>
        </test-method> <!-- teardown -->
        <test-method status="PASS" signature="setup()[pri:0, instance:com.ebay.qa.testcases.HelpandContactTest@2eda0940]" name="setup" is-config="true" duration-ms="5939" started-at="2021-09-18T16:13:36 IST" finished-at="2021-09-18T16:13:41 IST">
          <reporter-output>
          </reporter-output>
        </test-method> <!-- setup -->
        <test-method status="PASS" signature="verifyverifycustomertexttest()[pri:3, instance:com.ebay.qa.testcases.HelpandContactTest@2eda0940]" name="verifyverifycustomertexttest" duration-ms="7024" started-at="2021-09-18T16:13:41 IST" finished-at="2021-09-18T16:13:48 IST">
          <reporter-output>
          </reporter-output>
        </test-method> <!-- verifyverifycustomertexttest -->
        <test-method status="PASS" signature="teardown()[pri:0, instance:com.ebay.qa.testcases.HelpandContactTest@2eda0940]" name="teardown" is-config="true" duration-ms="1224" started-at="2021-09-18T16:13:48 IST" finished-at="2021-09-18T16:13:50 IST">
          <reporter-output>
          </reporter-output>
        </test-method> <!-- teardown -->
        <test-method status="PASS" signature="setup()[pri:0, instance:com.ebay.qa.testcases.HelpandContactTest@2eda0940]" name="setup" is-config="true" duration-ms="6119" started-at="2021-09-18T16:13:50 IST" finished-at="2021-09-18T16:13:56 IST">
          <reporter-output>
          </reporter-output>
        </test-method> <!-- setup -->
        <test-method status="FAIL" signature="verifysignupacc()[pri:4, instance:com.ebay.qa.testcases.HelpandContactTest@2eda0940]" name="verifysignupacc" duration-ms="11260" started-at="2021-09-18T16:13:56 IST" finished-at="2021-09-18T16:14:07 IST">
          <exception class="org.openqa.selenium.InvalidSelectorException">
            <message>
              <![CDATA[invalid selector: An invalid or illegal selector was specified
  (Session info: chrome=93.0.4577.82)
For documentation on this error, please visit: https://www.seleniumhq.org/exceptions/invalid_selector_exception.html
Build info: version: '3.141.59', revision: 'e82be7d358', time: '2018-11-14T08:17:03'
System info: host: 'DESKTOP-0CMBQJ6', ip: '192.168.0.102', os.name: 'Windows 10', os.arch: 'amd64', os.version: '10.0', java.version: '1.8.0_301'
Driver info: org.openqa.selenium.chrome.ChromeDriver
Capabilities {acceptInsecureCerts: false, browserName: chrome, browserVersion: 93.0.4577.82, chrome: {chromedriverVersion: 92.0.4515.107 (87a818b10553..., userDataDir: C:\Users\dell\AppData\Local...}, goog:chromeOptions: {debuggerAddress: localhost:61729}, javascriptEnabled: true, networkConnectionEnabled: false, pageLoadStrategy: normal, platform: WINDOWS, platformName: WINDOWS, proxy: Proxy(), setWindowRect: true, strictFileInteractability: false, timeouts: {implicit: 0, pageLoad: 300000, script: 30000}, unhandledPromptBehavior: dismiss and notify, webauthn:extension:credBlob: true, webauthn:extension:largeBlob: true, webauthn:virtualAuthenticators: true}
Session ID: 76eb7a0bbbc21ac1f05125f3a31fb744
*** Element info: {Using=name, value=//input[@name='firstname']}]]>
            </message>
            <full-stacktrace>
              <![CDATA[org.openqa.selenium.InvalidSelectorException: invalid selector: An invalid or illegal selector was specified
  (Session info: chrome=93.0.4577.82)
For documentation on this error, please visit: https://www.seleniumhq.org/exceptions/invalid_selector_exception.html
Build info: version: '3.141.59', revision: 'e82be7d358', time: '2018-11-14T08:17:03'
System info: host: 'DESKTOP-0CMBQJ6', ip: '192.168.0.102', os.name: 'Windows 10', os.arch: 'amd64', os.version: '10.0', java.version: '1.8.0_301'
Driver info: org.openqa.selenium.chrome.ChromeDriver
Capabilities {acceptInsecureCerts: false, browserName: chrome, browserVersion: 93.0.4577.82, chrome: {chromedriverVersion: 92.0.4515.107 (87a818b10553..., userDataDir: C:\Users\dell\AppData\Local...}, goog:chromeOptions: {debuggerAddress: localhost:61729}, javascriptEnabled: true, networkConnectionEnabled: false, pageLoadStrategy: normal, platform: WINDOWS, platformName: WINDOWS, proxy: Proxy(), setWindowRect: true, strictFileInteractability: false, timeouts: {implicit: 0, pageLoad: 300000, script: 30000}, unhandledPromptBehavior: dismiss and notify, webauthn:extension:credBlob: true, webauthn:extension:largeBlob: true, webauthn:virtualAuthenticators: true}
Session ID: 76eb7a0bbbc21ac1f05125f3a31fb744
*** Element info: {Using=name, value=//input[@name='firstname']}
at sun.reflect.NativeConstructorAccessorImpl.newInstance0(Native Method)
at sun.reflect.NativeConstructorAccessorImpl.newInstance(Unknown Source)
at sun.reflect.DelegatingConstructorAccessorImpl.newInstance(Unknown Source)
at java.lang.reflect.Constructor.newInstance(Unknown Source)
at org.openqa.selenium.remote.http.W3CHttpResponseCodec.createException(W3CHttpResponseCodec.java:187)
at org.openqa.selenium.remote.http.W3CHttpResponseCodec.decode(W3CHttpResponseCodec.java:122)
at org.openqa.selenium.remote.http.W3CHttpResponseCodec.decode(W3CHttpResponseCodec.java:49)
at org.openqa.selenium.remote.HttpCommandExecutor.execute(HttpCommandExecutor.java:158)
at org.openqa.selenium.remote.service.DriverCommandExecutor.execute(DriverCommandExecutor.java:83)
at org.openqa.selenium.remote.RemoteWebDriver.execute(RemoteWebDriver.java:552)
at org.openqa.selenium.remote.RemoteWebDriver.findElement(RemoteWebDriver.java:323)
at org.openqa.selenium.remote.RemoteWebDriver.findElementByName(RemoteWebDriver.java:404)
at org.openqa.selenium.By$ByName.findElement(By.java:284)
at org.openqa.selenium.remote.RemoteWebDriver.findElement(RemoteWebDriver.java:315)
at org.openqa.selenium.support.pagefactory.DefaultElementLocator.findElement(DefaultElementLocator.java:69)
at org.openqa.selenium.support.pagefactory.internal.LocatingElementHandler.invoke(LocatingElementHandler.java:38)
at com.sun.proxy.$Proxy9.sendKeys(Unknown Source)
at com.ebay.qa.pages.HelpAndContactPage.clickonsignupaccount(HelpAndContactPage.java:77)
at com.ebay.qa.testcases.HelpandContactTest.verifysignupacc(HelpandContactTest.java:58)
at sun.reflect.NativeMethodAccessorImpl.invoke0(Native Method)
at sun.reflect.NativeMethodAccessorImpl.invoke(Unknown Source)
at sun.reflect.DelegatingMethodAccessorImpl.invoke(Unknown Source)
at java.lang.reflect.Method.invoke(Unknown Source)
at org.testng.internal.MethodInvocationHelper.invokeMethod(MethodInvocationHelper.java:133)
at org.testng.internal.TestInvoker.invokeMethod(TestInvoker.java:598)
at org.testng.internal.TestInvoker.invokeTestMethod(TestInvoker.java:173)
at org.testng.internal.MethodRunner.runInSequence(MethodRunner.java:46)
at org.testng.internal.TestInvoker$MethodInvocationAgent.invoke(TestInvoker.java:824)
at org.testng.internal.TestInvoker.invokeTestMethods(TestInvoker.java:146)
at org.testng.internal.TestMethodWorker.invokeTestMethods(TestMethodWorker.java:146)
at org.testng.internal.TestMethodWorker.run(TestMethodWorker.java:128)
at java.util.ArrayList.forEach(Unknown Source)
at org.testng.TestRunner.privateRun(TestRunner.java:794)
at org.testng.TestRunner.run(TestRunner.java:596)
at org.testng.SuiteRunner.runTest(SuiteRunner.java:377)
at org.testng.SuiteRunner.runSequentially(SuiteRunner.java:371)
at org.testng.SuiteRunner.privateRun(SuiteRunner.java:332)
at org.testng.SuiteRunner.run(SuiteRunner.java:276)
at org.testng.SuiteRunnerWorker.runSuite(SuiteRunnerWorker.java:53)
at org.testng.SuiteRunnerWorker.run(SuiteRunnerWorker.java:96)
at org.testng.TestNG.runSuitesSequentially(TestNG.java:1212)
at org.testng.TestNG.runSuitesLocally(TestNG.java:1134)
at org.testng.TestNG.runSuites(TestNG.java:1063)
at org.testng.TestNG.run(TestNG.java:1031)
at org.testng.remote.AbstractRemoteTestNG.run(AbstractRemoteTestNG.java:115)
at org.testng.remote.RemoteTestNG.initAndRun(RemoteTestNG.java:251)
at org.testng.remote.RemoteTestNG.main(RemoteTestNG.java:77)
]]>
            </full-stacktrace>
          </exception> <!-- org.openqa.selenium.InvalidSelectorException -->
          <reporter-output>
          </reporter-output>
        </test-method> <!-- verifysignupacc -->
        <test-method status="PASS" signature="teardown()[pri:0, instance:com.ebay.qa.testcases.HelpandContactTest@2eda0940]" name="teardown" is-config="true" duration-ms="1330" started-at="2021-09-18T16:14:07 IST" finished-at="2021-09-18T16:14:08 IST">
          <reporter-output>
          </reporter-output>
        </test-method> <!-- teardown -->
      </class> <!-- com.ebay.qa.testcases.HelpandContactTest -->
    </test> <!-- Ebay Test cases -->
  </suite> <!-- Ebay Test -->
</testng-results>
